# bathsearch :: search protein profile(s) against DNA sequence database
# BATH 2.0 (May 2026); https://github.com/TravisWheelerLab/BATH
# Freely distributed under the BSD open source license.
# - - - - - - - - - - - - - - - - - - - - - - - - - - - - - - - - - - - -
# query HMM file:                                AMP_N.bhmm
# target sequence database:                      target-AMP_N.fa
# codon translation table:                       1
# output directed to file:                       AMP_N-fs.out
# per-seq hits tabular output:                   AMP_N-fs.tbl
# Use the frameshift aware algorithms
# - - - - - - - - - - - - - - - - - - - - - - - - - - - - - - - - - - - -

Query:       AMP_N  [M=134]
Scores for complete hits:
    E-value  score  bias  Sequence  start    end  shifts  stops  Description
    ------- ------ -----  --------  -----  -----  ------  -----  -----------
    1.9e-27   82.8   0.1  seq1          1    402       6      1  


Annotation for each hit (and alignments):
>> seq1  
    score  bias    Evalue   hmm-from    hmm-to     ali-from    ali-to    shifts  stops    sq-len    acc
   ------ ----- ---------   --------   -------    --------- ---------    ------  ----- ---------   ----
 !   82.8   0.1   1.9e-27          1       131 [.         1       402 [.      6      1       411   2.56

  Alignment:
  score: 82.8 bits
     AMP_N   1     i    e    k    s    e    f    a    a    r    r    k    r    l    l    a    q    l    e    e    e    g    i    a    i    i     25 
                   +         +    +    +    f              r    r         r    l    l    +    q    +                   +    i    a    i    i    
                   L    T    Q    A    D    F    E    L    R    R    D    R    L    L    S    Q    M    G    P    N    S    I    A    I    I    
      seq1   1    TTG  ACT  CAA  GCT  GAT  TTT  GAA  CTA  CGC  CGA  GAC  CGC  CTC  CTC TCaA  CAA  ATG  GGG  CCA  AAC  AGT  ATT  GCC  ATT  ATA    76 
                   2    4    6    7    9    9    9    *    *    *    *    *    *    *    9    *    *    *    *    *    *    *    *    *    *     PP

     AMP_N  26     p    t    a    p    e    a    l    r    n    r    d    t    e    y    p    y    r    q    d    s    d    f    y    y    l     50 
                        t    +    p              l    r    n    r    d         +    y         +    r         d    s         f    +    y    l    
                   E    T    S    P    S    C    L    R    N    R    D    A    D    Y    K    F    R    A    D    S    S    F    F    Y    L    
      seq1  77    GAA  ACC  AG-  CCC  AGT  TGC  TTA  CGT  AAT  CGT  GAT  GCA  GAC  TAT  AAA  TTT  CGA  GCA  GAT  AGC  AGT  TTT  TTT  TAT  CTG    150
                   *    *    *    *    *    *    *    *    *    *    *    *    *    *    *    *    *    *    *    *    *    *    *    *    *     PP

     AMP_N  51     t    g    f    t    e    p    e    a    v    l    v    l    v    r    e    e    .    .    .    e    e    r    s    v    l     72 
                   t    g    f         e    p    e    a    v         v    +                   +                   +                        l    
                   T    G    F    A    E    P    E    A    V    A    V    I    E    T    T    D    t    v    d    D    Y    T    Y    S    L    
      seq1 151    ACA  GGG  TTT  GCA  GAA  CCA  GAA  GCT  GTT  GCT  GTA  ATT  GAA  ACC  ACA  GAT  ACG  GTG  GAT  GAC  TAT  ACT  TAT  AGT  CTG    225
                   *    *    *    *    *    *    *    *    *    9    9    9    7    6    5    4    1    2    1    4    4    5    6    7    9     PP

     AMP_N  73     f    c    r    e    k    d    e    e    r    e    i    w    d    g    l    r    l    g    p    e    a    a    v    e    a     97 
                   f    c    r    e    +    +         e         e    i    w    +    g         r         g         +         a    +    e    a    
                   F    C    R    E    R    N    R    E    M    E    I    W    N    G    Y    R    A    G    I    D    G    A    I    E    A    
      seq1 226    TTT  TGC  C--  GAG  CGT  AAC  CGT  GAA  ATG  G-A  ATC  TGG  AAT  GGC  TAT  CGT  GCA  GGT  ATT  GAC  GGT  GCA  ATT  GAA  G-A    296
                   *    *    9    *    *    *    *    *    *    *    *    *    *    *    *    *    *    *    *    *    *    *    *    *    *     PP

     AMP_N  98     f    .    .    g    l    d    d    a    f    p    i    e    d    l    d    e    i    l    p    e    l    l    e    n    r     120
                   f              +         d    +    a    +         i    +         l    d    e         +         e         l         n    +    
                   F    *    s    S    S    D    E    A    Y    A    I    D    L    L    D    E    E    I    L    E    K    L    L    N    K    
      seq1 297    TTT  TGA  AGC  AGC  AGT  GAT  GAG  GCT  TAT  GCA  ATA  GAT  TTA  --G  GAT  GAA  GAA  ATC  CTT  GAA  AAA  TTG  CTC  AAT  AAA    369
                   9    3    1    3    5    7    8    8    8    8    8    6    6    9    8    7    7    7    7    7    7    8    8    9    *     PP

     AMP_N 121     e    a    v    y    y    a    l    g    e    d    k     131
                   e         +    y    y         +    g                   
                   E    R    L    Y    Y    R    I    G    H    R    A    
      seq1 370    GAA  CGT  CTT  TAT  TAT  CGC  ATT  GGT  CAT  CGT  GCA    402
                   *    *    *    *    *    *    *    *    9    8    8     PP



Internal pipeline statistics summary:
-------------------------------------
Query model(s):                            1  (134 nodes)
Target sequence(s):                        1  (822 residues searched)
Residues passing SSV filter:             537  (0.653); expected (0.02)
Residues passing bias filter:            537  (0.653); expected (0.02)
Residues passing Vit filter:             393  (0.478); expected (0.001)
Residues passing Fwd filter:             411  (0.5); expected (1e-05)
Total number of hits:                      1  (0.489)
# CPU time: 0.00u 0.00s 00:00:00.00 Elapsed: 00:00:00.01
# Mc/sec: 9.05
//
[ok]
