# bathsearch :: search protein profile(s) against DNA sequence database
# BATH 2.0 (May 2026); https://github.com/TravisWheelerLab/BATH
# Freely distributed under the BSD open source license.
# - - - - - - - - - - - - - - - - - - - - - - - - - - - - - - - - - - - -
# query HMM file:                                MET-ct4.bhmm
# target sequence database:                      target-MET.fa
# codon translation table:                       4
# output directed to file:                       MET-ct4.out
# - - - - - - - - - - - - - - - - - - - - - - - - - - - - - - - - - - - -

Query:       metC  [M=409]
Description: Cystathionine beta-lyase
Scores for complete hits:
    E-value  score  bias  Sequence  start    end  Description
    ------- ------ -----  --------  -----  -----  -----------
    1.1e-11   35.7   0.1  seq1      34694  34536    
    5.6e-09   26.8   0.2  seq1      33906  33805    
     0.0069    6.8   0.0  seq1      34872  34699    


Annotation for each hit (and alignments):
>> seq1  
    score  bias    Evalue   hmm-from    hmm-to     ali-from    ali-to     env-from    env-to       sq-len    acc
   ------ ----- ---------   --------   -------    --------- ---------    --------- ---------    ---------   ----
 !   35.7   0.1   1.1e-11         70       122 ..     34694     34536 ..     34706     34533 ..     35613   0.95

  Alignment:
  score: 35.7 bits
      metC    70     e    f    s    y    g    i    h    n    t    p    i    v    r    d    l    c    a    a    i    n    l    l    d    e     93   
                     +    +    +    y    g    +    h         t    p    +    +         d    l    c    +    +    +    +    +    l    +    +    
                     K    Y    T    Y    G    T    H    G    T    P    T    T    N    D    L    C    V    S    V    S    M    L    E    Q    
      seq1 34694    AAA  TAT  ACC  TAT  GGT  ACA  CAT  GGT  ACA  CCG  ACA  ACA  AAT  GAT  CTA  TGT  GTT  TCC  GTT  AGC  ATG  TTG  GAA  CAA    34623
                     6    9    9    *    *    *    *    *    *    *    *    *    *    *    *    *    *    *    *    *    *    *    *    *     PP

      metC    94     s    e    f    s    l    l    t    p    s    G    l    s    a    l    t    s    v    v    v    a    l    v    k    p     117  
                     s    +         +              t              G    l         +    l    t    s    +    +    +    +    +              +    
                     S    D    Q    T    G    T    T    C    L    G    L    M    T    L    T    S    T    F    L    C    I    F    G    S    
      seq1 34622    TCC  GAT  CAA  ACG  GGA  ACA  ACA  TGT  TTA  GGA  TTA  ATG  ACA  TTA  ACA  TCA  ACA  TTT  CTA  TGT  ATA  TTC  GGA  TCA    34551
                     *    *    *    *    *    *    *    *    *    *    *    *    *    *    *    *    *    *    *    *    *    *    *    *     PP

      metC   118     g    d    h    v    l     122  
                          d    h    v    l    
                     N    D    H    V    L    
      seq1 34550    AAC  GAC  CAT  GTG  TTG    34536
                     *    *    *    *    8     PP

>> seq1  
    score  bias    Evalue   hmm-from    hmm-to     ali-from    ali-to     env-from    env-to       sq-len    acc
   ------ ----- ---------   --------   -------    --------- ---------    --------- ---------    ---------   ----
 !   26.8   0.2   5.6e-09        328       364 ..     33906     33805 ..     33921     33802 ..     35613   0.81

  Alignment:
  score: 26.8 bits
      metC   328     l    s    f    v    l    d    c    s    e    g    a    k    r    l    e    l    a    k    r    f    l    d    s    l     351  
                     +    s                        +         +    +    +    +         +    e              k    r    +    l    d         l    
                     I    S    -    -    -    A    S    L    K    E    N    N    E    V    E    D    Y    K    R    L    L    D    G    L    
      seq1 33906    ATA  TCG  ---  ---  ---  GCT  TCT  CTC  AAA  GAG  AAC  AAC  GAA  GTT  GAA  GAT  TAT  AAG  AGA  TTA  TTA  GAT  GGT  CTT    33844
                     4    4    .    .    .    4    5    5    6    7    7    8    8    9    9    9    9    *    *    *    *    *    *    *     PP

      metC   352     k    v    f    G    l    G    w    s    w    G    G    y    k     364  
                     k    +    +    G    l    G    w    s    w    G    G    y    k    
                     K    I    L    G    L    G    W    S    W    G    G    Y    K    
      seq1 33843    AAG  ATA  CTT  GGA  TTG  GGA  TGA  TCA  TGG  GGT  GGA  TAT  AAA    33805
                     *    *    *    *    *    *    *    *    *    *    *    *    9     PP

>> seq1  
    score  bias    Evalue   hmm-from    hmm-to     ali-from    ali-to     env-from    env-to       sq-len    acc
   ------ ----- ---------   --------   -------    --------- ---------    --------- ---------    ---------   ----
 !    6.8   0.0    0.0069         12        68 ..     34872     34699 ..     34887     34657 ..     35613   0.85

  Alignment:
  score: 6.8 bits
      metC    12     a    r    l    d    s    v    k    e    v    e    .    a    v    l    d    r    a    l    a    d    d    t    l    l     34   
                          r    +    d         +    +    +         +                   +    +              l    a    d    +    t    +    l    
                     N    R    I    D    Y    L    N    K    K    N    K    I    N    I    G    D    G    L    A    D    S    T    I    L    
      seq1 34872    AAC  AGA  ATC  GAT  TAC  TTG  AAT  AAA  AAG  AAT  AAA  ATA  AAC  ATT  GGT  GAT  GGT  CTA  GCT  GAT  AGT  ACC  ATT  TTA    34801
                     4    8    8    8    8    8    8    7    6    5    1    5    7    9    9    *    *    *    *    *    *    *    *    *     PP

      metC    35     i    r    m    f    d    d    i    d    s    g    f    v    n    s    g    v    t    g    g    s    t    v    l    f     58   
                     i    +              +                   +                        +    +    +                             +    l    f    
                     I    K    H    P    K    T    W    T    T    D    P    W    T    T    S    P    L    I    D    Q    W    I    L    F    
      seq1 34800    ATA  AAA  CAT  CCG  AAG  ACA  TGG  ACA  ACA  GAT  CCA  TGA  ACA  ACA  TCT  CCA  TTA  ATA  GAT  CAA  TGA  ATT  TTA  TTC    34729
                     *    *    *    *    *    9    9    9    9    9    9    9    9    9    9    9    9    9    9    9    *    *    *    *     PP

      metC    59     k    t    s    a    e    m    l    s    g    l     68   
                     +    +    +    +    e    m    +    +              
                     R    N    T    S    E    M    I    K    D    N    
      seq1 34728    AGG  AAT  ACA  TCT  GAG  ATG  ATA  AAG  GAT  AAC    34699
                     *    *    *    *    *    *    9    8    6    5     PP



Internal pipeline statistics summary:
-------------------------------------
Query model(s):                            1  (409 nodes)
Target sequence(s):                        1  (71226 residues searched)
Residues passing SSV filter:            2487  (0.0349); expected (0.02)
Residues passing bias filter:           2298  (0.0323); expected (0.02)
Residues passing Vit filter:             666  (0.00935); expected (0.001)
Residues passing Fwd filter:             549  (0.00771); expected (1e-05)
Total number of hits:                      3  (0.00611)
# CPU time: 0.09u 0.00s 00:00:00.09 Elapsed: 00:00:00.09
# Mc/sec: 310.18
//
Query:       metG  [M=458]
Description: Methionine--tRNA ligase
Scores for complete hits:
    E-value  score  bias  Sequence  start    end  Description
    ------- ------ -----  --------  -----  -----  -----------
      3e-14   44.2   6.3  seq1      19367  19663    
    2.3e-05   14.9   0.4  seq1      19140  19295    
    0.00022   11.7   0.1  seq1      18832  18957    


Annotation for each hit (and alignments):
>> seq1  
    score  bias    Evalue   hmm-from    hmm-to     ali-from    ali-to     env-from    env-to       sq-len    acc
   ------ ----- ---------   --------   -------    --------- ---------    --------- ---------    ---------   ----
 !   44.2   6.3     3e-14        305       403 ..     19367     19663 ..     19364     19663 ..     35613   0.97

  Alignment:
  score: 44.2 bits
      metG   305     l    c    t    r    s    f    k    n    d    i    e    l    n    k    s    d    l    a    a    a    f    a    k    l     328  
                     l         +    r    s                   +    i    e              +    s    d    +         +    +         +              
                     L    Y    S    R    S    C    S    R    E    I    E    T    I    D    S    D    I    N    R    T    K    S    D    S    
      seq1 19367    TTA  TAT  TCT  AGA  AGT  TGT  TCA  AGG  GAA  ATT  GAA  ACA  ATT  GAT  TCA  GAT  ATC  AAT  AGA  ACA  AAA  TCA  GAC  TCA    19438
                     7    7    9    9    *    *    *    *    *    *    *    *    *    *    *    *    *    *    *    *    *    *    *    *     PP

      metG   329     t    n    n    v    G    n    l    a    k    r    l    i    k    l    l    t    l    n    r    l    k    l    q    k     352  
                     +    +    n    +         n    l    +    k         l    +    +    l    +    +    l    +    +    +    k    +    +    +    
                     I    K    N    I    R    N    L    T    K    C    L    L    R    L    I    K    L    Y    G    S    K    I    K    Q    
      seq1 19439    ATC  AAG  AAT  ATT  AGA  AAT  CTA  ACT  AAA  TGC  TTA  TTA  AGA  TTA  ATA  AAG  TTA  TAT  GGT  TCT  AAA  ATT  AAA  CAA    19510
                     *    *    *    *    *    *    *    *    *    *    *    *    *    *    *    *    *    *    *    *    *    *    *    *     PP

      metG   353     l    t    i    s    e    w    i    i    v    l    y    v    k    r    l    t    t    t    l    k    h    l    a    k     376  
                     +         +    +    +    w    +    +         l    y         k              +         +    +    k                        
                     I    I    V    N    N    W    L    L    Y    L    Y    T    K    Y    F    E    V    I    I    K    R    S    L    I    
      seq1 19511    ATT  ATA  GTA  AAT  AAC  TGA  TTA  TTA  TAT  TTG  TAT  ACT  AAA  TAT  TTT  GAA  GTA  ATA  ATT  AAA  AGA  TCT  CTA  ATT    19582
                     *    *    *    *    *    *    *    *    *    *    *    *    *    *    *    *    *    *    *    *    *    *    *    *     PP

      metG   377     s    f    k    l    n    e    i    n    n    t    i    l    d    g    t    a    k    i    n    s    a    i    s    n     400  
                               +    l    n         i         n    t    +    +    +    +                   +    n              i    s         
                     L    S    R    L    N    M    I    L    N    T    V    M    E    K    L    V    W    T    N    N    K    I    S    S    
      seq1 19583    TTA  TCT  AGG  TTA  AAC  ATG  ATA  CTG  AAC  ACA  GTG  ATG  GAA  AAA  TTG  GTA  TGA  ACT  AAT  AAC  AAA  ATT  TCT  AGT    19654
                     *    *    *    *    *    *    *    *    *    *    *    *    *    *    *    *    *    *    *    *    *    *    *    *     PP

      metG   401     y    k    l     403  
                     y    k    l    
                     Y    K    L    
      seq1 19655    TAT  AAA  TTA    19663
                     *    9    6     PP

>> seq1  
    score  bias    Evalue   hmm-from    hmm-to     ali-from    ali-to     env-from    env-to       sq-len    acc
   ------ ----- ---------   --------   -------    --------- ---------    --------- ---------    ---------   ----
 !   14.9   0.4   2.3e-05        231       282 ..     19140     19295 ..     19119     19301 ..     35613   0.86

  Alignment:
  score: 14.9 bits
      metG   231     y    v    n    a    e    r    r    n    k    v    h    i    i    G    k    d    i    t    k    f    h    l    t    h     254  
                     +    +    +    a    +         +    +                   i              k         +    +    +    f    +    l    t    +    
                     F    T    Q    A    D    G    N    Q    T    R    S    I    Y    F    K    K    V    V    W    F    Y    L    T    Y    
      seq1 19140    TTT  ACT  CAA  GCT  GAT  GGT  AAC  CAG  ACG  AGA  TCG  ATA  TAC  TTT  AAA  AAA  GTA  GTT  TGG  TTT  TAT  CTA  ACA  TAT    19211
                     5    6    7    7    7    7    7    7    7    7    8    8    8    9    *    *    *    *    *    *    *    *    *    *     PP

      metG   255     y    i    a    l    s    l    l    l    n    a    k    l    P    k    v    i    l    q    h    v    y    i    n    t     278  
                     y    i    +    l         l    +                   k    l         +         i         q              +    +    +         
                     Y    I    T    L    L    L    I    F    I    M    K    L    F    R    Y    I    C    Q    Q    Q    H    L    K    Y    
      seq1 19212    TAT  ATT  ACT  TTA  TTG  TTA  ATT  TTT  ATT  ATG  AAA  TTA  TTC  CGA  TAT  ATA  TGT  CAA  CAA  CAA  CAT  CTA  AAA  TAT    19283
                     *    *    *    *    *    *    *    *    *    *    *    *    *    *    *    *    *    *    *    *    9    9    9    8     PP

      metG   279     l    k    t    k     282  
                          +    t    k    
                     K    E    T    K    
      seq1 19284    AAA  GAA  ACG  AAA    19295
                     8    8    7    7     PP

>> seq1  
    score  bias    Evalue   hmm-from    hmm-to     ali-from    ali-to     env-from    env-to       sq-len    acc
   ------ ----- ---------   --------   -------    --------- ---------    --------- ---------    ---------   ----
 !   11.7   0.1   0.00022        122       163 ..     18832     18957 ..     18832     18960 ..     35613   0.93

  Alignment:
  score: 11.7 bits
      metG   122     y    s    P    q    l    d    c    y    c    s    s    d    e    v    q    f    s    k    n    l    m    y    c    a     145  
                     y         P                   +    +    c    s         +         v    +    f         +              m         +    a    
                     Y    L    P    I    S    R    S    F    C    S    Y    N    V    V    K    F    L    H    Y    N    M    I    V    A    
      seq1 18832    TAT  TTA  CCT  ATA  AGT  AGA  AGT  TTT  TGC  AGT  TAC  AAT  GTT  GTT  AAA  TTT  TTA  CAT  TAT  AAC  ATG  ATT  GTT  GCC    18903
                     6    7    8    8    8    8    9    *    *    *    *    *    *    *    *    *    *    *    *    *    *    *    *    *     PP

      metG   146     e    n    a    P    v    e    w    t    e    e    r    g    v    f    i    n    f    s     163  
                     +    +    +         v    e         +    +    e              +    f    +    n    +         
                     N    K    S    M    V    E    R    I    K    E    D    I    I    F    V    N    Y    I    
      seq1 18904    AAT  AAA  TCA  ATG  GTA  GAA  CGA  ATC  AAA  GAA  GAC  ATT  ATA  TTT  GTA  AAT  TAT  ATT    18957
                     *    *    *    *    *    *    *    *    *    *    *    *    *    *    *    *    9    6     PP



Internal pipeline statistics summary:
-------------------------------------
Query model(s):                            1  (458 nodes)
Target sequence(s):                        1  (71226 residues searched)
Residues passing SSV filter:            9168  (0.129); expected (0.02)
Residues passing bias filter:           2775  (0.039); expected (0.02)
Residues passing Vit filter:            1062  (0.0149); expected (0.001)
Residues passing Fwd filter:             618  (0.00868); expected (1e-05)
Total number of hits:                      3  (0.00813)
# CPU time: 0.09u 0.01s 00:00:00.10 Elapsed: 00:00:00.09
# Mc/sec: 346.44
//
[ok]
