# bathsearch :: search protein profile(s) against DNA sequence database
# BATH 2.0 (May 2026); https://github.com/TravisWheelerLab/BATH
# Freely distributed under the BSD open source license.
# - - - - - - - - - - - - - - - - - - - - - - - - - - - - - - - - - - - -
# query HMM file:                                PTH2.bhmm
# target sequence database:                      target-PTH2.fa
# codon translation table:                       1
# output directed to file:                       PTH2.out
# per-seq hits tabular output:                   PTH2.tbl
# - - - - - - - - - - - - - - - - - - - - - - - - - - - - - - - - - - - -

Query:       PTH2  [M=116]
Accession:   PF01981.11
Description: Peptidyl-tRNA hydrolase PTH2
Scores for complete hits:
    E-value  score  bias  Sequence  start    end  Description
    ------- ------ -----  --------  -----  -----  -----------
      3e-35  110.6   0.3  seq1        672    325    
    9.4e-28   86.4   0.0  seq1       1486   1731    
    3.5e-12   36.2   0.0  seq1       2468   2343    
    4.2e-12   36.0   0.3  seq1       1273   1359    


Annotation for each hit (and alignments):
>> seq1  
    score  bias    Evalue   hmm-from    hmm-to     ali-from    ali-to       sq-len    acc
   ------ ----- ---------   --------   -------    --------- ---------    ---------   ----
 !  110.6   0.3     3e-35          2       116 .]       672       325 ..      3000   0.92

  Alignment:
  score: 110.6 bits
                   E    E    E    E    E    E    E    E    S    C    C    S    S    -    H    H    H    H    H    H    H    H    H    H    H    
      PTH2   2     l    k    q    v    i    v    v    r    t    d    l    k    m    g    k    G    k    l    a    a    q    v    a    h    a     26 
                   +    k         v    +    v    v    r    t    d    l         m    +    k    G    k    +    a    a    q    +    +    h    a    
                   V    K    L    V    L    V    V    R    T    D    L    G    M    T    K    G    K    I    A    A    Q    C    S    H    A    
      seq1 672    GTG  AAG  CTT  GTG  CTG  GTT  GTG  AGG  ACA  GAT  CTG  GGC  ATG  ACC  AAA  GGC  AAA  ATC  GCC  GCC  CAG  TGC  TCG  CAT  GCA    598
                   8    9    9    *    *    *    *    *    *    *    *    *    *    *    *    *    *    *    *    *    *    *    *    *    *     PP

                   H    H    H    H    H    H    H    H    .    .    H    H    H    H    H    H    H    H    H    H    H    H    H    T    T    
      PTH2  27     a    v    s    a    v    l    e    i    .    .    r    k    k    k    r    e    w    l    e    e    W    l    e    e    g     49 
                   +                                                 +    +         +              +    l    +    +    W         +    +    g    
                   T    L    A    C    Y    K    Y    L    I    A    H    N    P    Q    S    P    I    L    R    R    W    E    Q    Q    G    
      seq1 597    ACG  CTC  GCC  TGC  TAC  AAA  TAC  CTC  ATT  GCG  CAT  AAC  CCG  CAG  TCA  CCT  ATC  CTG  CGG  AGA  TGG  GAA  CAA  CAG  GGA    523
                   8    7    6    5    5    4    4    3    3    3    8    8    8    8    8    9    *    *    *    *    *    *    *    *    *     PP

                   S    S    E    E    E    E    E    E    S    S    H    H    H    H    H    H    H    H    H    H    H    H    H    T    T    
      PTH2  50     q    k    k    v    v    v    k    v    e    s    e    e    e    l    l    k    v    k    k    k    a    e    e    l    g     74 
                   q    +    k    +         +    +         +    s    e    e    e    l    +         +    +    +    +    a    +    +    l    g    
                   Q    A    K    I    A    L    Q    T    K    S    E    E    E    L    Q    L    L    Q    A    Q    A    M    S    L    G    
      seq1 522    CAA  GCA  AAG  ATC  GCC  TTG  CAG  ACA  AAG  TCG  GAG  GAG  GAA  TTA  CAG  TTG  CTG  CAA  GCA  CAG  GCG  ATG  AGC  CTG  GGT    448
                   *    *    *    *    *    *    *    *    *    *    *    *    *    *    *    *    *    *    *    *    *    *    *    *    *     PP

                   -    -    E    E    E    E    E    E    T    T    S    S    S    S    S    T    T    C    E    E    E    E    E    E    E    
      PTH2  75     l    p    a    s    l    i    e    d    a    G    k    t    q    l    e    P    g    t    v    t    a    v    a    i    G     99 
                   l         a         +    i    +    d    a    G    +    t    q    +    +         g              t    +    +    +    +         
                   L    C    A    R    V    I    Q    D    A    G    R    T    Q    I    A    S    G    S    R    T    V    L    G    V    -    
      seq1 447    CTC  TGT  GCT  CGC  GTG  ATC  CAG  GAT  GCT  GGA  CGG  ACA  CAG  ATC  GCC  AGC  GGA  AGC  AGG  ACG  GTG  CTT  GGA  GTT  ---    376
                   *    *    *    *    *    *    *    *    *    *    *    *    *    *    *    *    *    *    *    *    *    *    *    9    .     PP

                   E    E    E    H    H    H    H    H    H    H    H    T    T    S    E    B    -    
      PTH2 100     P    a    p    e    e    l    v    d    k    v    t    G    d    l    k    l    l     116
                        +    p    +    +    +    v    d    +    v    t    G    +    l    k    l    l    
                   L    G    P    K    S    V    V    D    Q    V    T    G    H    L    K    L    L    
      seq1 375    TTG  GGG  CCA  AAG  AGT  GTG  GTT  GAT  CAA  GTA  ACG  GGG  CAT  CTA  AAG  CTG  TTG    325
                   4    7    8    9    9    *    *    *    *    *    *    *    *    *    *    *    8     PP

>> seq1  
    score  bias    Evalue   hmm-from    hmm-to     ali-from    ali-to       sq-len    acc
   ------ ----- ---------   --------   -------    --------- ---------    ---------   ----
 !   86.4   0.0   9.4e-28         35       116 .]      1486      1731 ..      3000   0.94

  Alignment:
  score: 86.4 bits
                    H    H    H    H    H    H    H    H    H    H    H    H    H    T    T    S    S    E    E    E    E    E    E    S    S    
      PTH2   35     r    k    k    k    r    e    w    l    e    e    W    l    e    e    g    q    k    k    v    v    v    k    v    e    s     59  
                              k    +              w    +    +    +    W    +              g         k    k    v         +    +         e         
                    A    D    K    W    V    S    W    Y    D    A    W    R    F    A    G    S    K    K    V    A    L    Q    C    E    N    
      seq1 1486    GCA  GAT  AAG  TGG  GTG  TCG  TGG  TAT  GAT  GCA  TGG  AGG  TTT  GCT  GGC  AGC  AAG  AAA  GTT  GCT  CTT  CAG  TGT  GAA  AAT    1560
                    5    7    8    9    9    *    *    *    *    *    *    *    *    *    *    *    *    *    *    *    *    *    *    *    *     PP

                    H    H    H    H    H    H    H    H    H    H    H    H    H    T    T    -    -    E    E    E    E    E    E    T    T    
      PTH2   60     e    e    e    l    l    k    v    k    k    k    a    e    e    l    g    l    p    a    s    l    i    e    d    a    G     84  
                    e    e    +    l    +    +         +    +         a         +    +    g    +    p         +    +    i    +    d    a    G    
                    E    E    Q    L    M    E    A    Y    R    A    A    R    R    E    G    I    P    H    A    V    I    R    D    A    G    
      seq1 1561    GAA  GAG  CAA  CTA  ATG  GAA  GCC  TAC  AGA  GCC  GCC  AGG  CGT  GAG  GGA  ATT  CCA  CAC  GCT  GTA  ATC  CGT  GAC  GCG  GGA    1635
                    *    *    *    *    *    *    *    *    *    *    *    *    *    *    *    *    *    *    *    *    *    *    *    *    *     PP

                    S    S    S    S    S    T    T    C    E    E    E    E    E    E    E    E    E    E    H    H    H    H    H    H    H    
      PTH2   85     k    t    q    l    e    P    g    t    v    t    a    v    a    i    G    P    a    p    e    e    l    v    d    k    v     109 
                    +    t    q    +    +         g              t    +    +    a    +    G    P    a    p    +    +    l    v    d    +    v    
                    R    T    Q    I    A    A    G    S    K    T    V    L    A    V    G    P    A    P    D    S    L    V    D    R    V    
      seq1 1636    AGA  ACT  CAA  ATT  GCC  GCG  GGG  AGC  AAA  ACC  GTG  CTG  GCT  GTG  GGA  CCT  GCC  CCA  GAT  TCA  CTT  GTA  GAC  CGT  GTA    1710
                    *    *    *    *    *    *    *    *    *    *    *    *    *    *    *    *    *    *    *    *    *    *    *    *    *     PP

                    H    T    T    S    E    B    -    
      PTH2  110     t    G    d    l    k    l    l     116 
                    t    G    +    +    k    l    l    
                    T    G    H    F    K    L    L    
      seq1 1711    ACA  GGT  CAT  TTC  AAA  CTC  CTT    1731
                    *    *    *    *    *    *    8     PP

>> seq1  
    score  bias    Evalue   hmm-from    hmm-to     ali-from    ali-to       sq-len    acc
   ------ ----- ---------   --------   -------    --------- ---------    ---------   ----
 !   36.2   0.0   3.5e-12         71       113 ..      2468      2343 ..      3000   0.89

  Alignment:
  score: 36.2 bits
                    H    H    T    T    -    -    E    E    E    E    E    E    T    T    S    S    S    S    S    T    T    C    E    E    E    
      PTH2   71     e    e    l    g    l    p    a    s    l    i    e    d    a    G    k    t    q    l    e    P    g    t    v    t    a     95  
                    +         +    g    l    p         s    l    i    +    d    a    G         t    q    +    e    P    g         +    t    a    
                    N    I    E    G    L    P    C    S    L    I    R    D    A    G    -    T    Q    I    E    P    G    S    L    T    A    
      seq1 2468    AAT  ATC  GAA  GGA  CTT  CCG  TGC  AGT  TTA  ATA  AGA  GAT  GCG  GGA  ---  ACC  CAG  ATT  GAA  CCT  GGA  AGT  CTT  ACT  GCT    2397
                    5    5    7    9    *    *    *    *    *    *    *    *    *    *    .    9    *    *    *    *    *    *    *    *    *     PP

                    E    E    E    E    E    E    E    H    H    H    H    H    H    H    H    T    T    S    
      PTH2   96     v    a    i    G    P    a    p    e    e    l    v    d    k    v    t    G    d    l     113 
                    v    +    i    G    P              e    e         +         k    v              d    l    
                    V    G    I    G    P    E    K    E    E    K    I    S    K    V    K    K    D    L    
      seq1 2396    GTT  GGA  ATT  GGC  CCT  GAA  AAA  GAA  GAA  AAA  ATT  TCA  AAA  GTT  AAG  AAA  GAT  TTG    2343
                    *    *    *    *    *    *    *    *    *    *    *    *    *    *    9    8    8    6     PP

>> seq1  
    score  bias    Evalue   hmm-from    hmm-to     ali-from    ali-to       sq-len    acc
   ------ ----- ---------   --------   -------    --------- ---------    ---------   ----
 !   36.0   0.3   4.2e-12          2        30 ..      1273      1359 ..      3000   0.88

  Alignment:
  score: 36.0 bits
                    E    E    E    E    E    E    E    E    S    C    C    S    S    -    H    H    H    H    H    H    H    H    H    H    H    
      PTH2    2     l    k    q    v    i    v    v    r    t    d    l    k    m    g    k    G    k    l    a    a    q    v    a    h    a     26  
                    l    k    +    +    +    v    v    r    +    d    l    k    m    g         G    k    +    a    a    q    +    a    h    a    
                    L    K    M    T    L    V    V    R    R    D    L    K    M    G    T    G    K    I    A    A    Q    C    A    H    A    
      seq1 1273    CTT  AAG  ATG  ACT  TTG  GTT  GTG  CGC  AGG  GAC  CTA  AAA  ATG  GGA  ACG  GGG  AAA  ATT  GCT  GCG  CAG  TGC  GCT  CAC  GCG    1347
                    7    9    *    *    *    *    *    *    *    *    *    *    *    *    *    *    *    *    *    *    *    *    *    *    *     PP

                    H    H    H    H    
      PTH2   27     a    v    s    a     30  
                    a    v              
                    A    V    A    H    
      seq1 1348    GCC  GTT  GCC  CAT    1359
                    *    *    8    6     PP



Internal pipeline statistics summary:
-------------------------------------
Query model(s):                            1  (116 nodes)
Target sequence(s):                        1  (6000 residues searched)
Residues passing SSV filter:            1503  (0.251); expected (0.02)
Residues passing bias filter:           1503  (0.251); expected (0.02)
Residues passing Vit filter:            1401  (0.234); expected (0.001)
Residues passing Fwd filter:            1287  (0.214); expected (1e-05)
Total number of hits:                      4  (0.135)
# CPU time: 0.00u 0.00s 00:00:00.00 Elapsed: 00:00:00.01
# Mc/sec: 68.91
//
[ok]
