This file contains any messages produced by compilers while
running configure, to aid debugging if configure makes a mistake.

It was created by HMMER configure 3.1rc1, which was
generated by GNU Autoconf 2.69.  Invocation command line was

  $ ./configure 

## --------- ##
## Platform. ##
## --------- ##

hostname = Traviss-MacBook-Pro.local
uname -m = x86_64
uname -r = 17.4.0
uname -s = Darwin
uname -v = Darwin Kernel Version 17.4.0: Sun Dec 17 09:19:54 PST 2017; root:xnu-4570.41.2~1/RELEASE_X86_64

/usr/bin/uname -p = i386
/bin/uname -X     = unknown

/bin/arch              = unknown
/usr/bin/arch -k       = unknown
/usr/convex/getsysinfo = unknown
/usr/bin/hostinfo      = Mach kernel version:
	 Darwin Kernel Version 17.4.0: Sun Dec 17 09:19:54 PST 2017; root:xnu-4570.41.2~1/RELEASE_X86_64
Kernel configured for up to 4 processors.
2 processors are physically available.
4 processors are logically available.
Processor type: x86_64h (Intel x86-64h Haswell)
Processors active: 0 1 2 3
Primary memory available: 8.00 gigabytes
Default processor set: 323 tasks, 1259 threads, 4 processors
Load average: 1.93, Mach factor: 2.06
/bin/machine           = unknown
/usr/bin/oslevel       = unknown
/bin/universe          = unknown

PATH: /usr/local/bin
PATH: /usr/bin
PATH: /bin
PATH: /usr/sbin
PATH: /sbin
PATH: /Users/genevievekrause/Desktop/nand2tetris/tools/


## ----------- ##
## Core tests. ##
## ----------- ##

configure:2276: Configuring HMMER3 for your system.
configure:2429: checking build system type
configure:2443: result: x86_64-apple-darwin17.4.0
configure:2463: checking host system type
configure:2476: result: x86_64-apple-darwin17.4.0
configure:2662: checking for gcc
configure:2678: found /usr/bin/gcc
configure:2689: result: gcc
configure:2918: checking for C compiler version
configure:2927: gcc --version >&5
Apple LLVM version 9.1.0 (clang-902.0.39.1)
Target: x86_64-apple-darwin17.4.0
Thread model: posix
InstalledDir: /Library/Developer/CommandLineTools/usr/bin
Configured with: --prefix=/Library/Developer/CommandLineTools/usr --with-gxx-include-dir=/usr/include/c++/4.2.1
configure:2938: $? = 0
configure:2927: gcc -v >&5
Configured with: --prefix=/Library/Developer/CommandLineTools/usr --with-gxx-include-dir=/usr/include/c++/4.2.1
Apple LLVM version 9.1.0 (clang-902.0.39.1)
Target: x86_64-apple-darwin17.4.0
Thread model: posix
InstalledDir: /Library/Developer/CommandLineTools/usr/bin
configure:2938: $? = 0
configure:2927: gcc -V >&5
clang: error: argument to '-V' is missing (expected 1 value)
clang: error: no input files
configure:2938: $? = 1
configure:2927: gcc -qversion >&5
clang: error: unknown argument: '-qversion'
clang: error: no input files
configure:2938: $? = 1
configure:2958: checking whether the C compiler works
configure:2980: gcc    conftest.c  >&5
configure:2984: $? = 0
configure:3032: result: yes
configure:3035: checking for C compiler default output file name
configure:3037: result: a.out
configure:3043: checking for suffix of executables
configure:3050: gcc -o conftest    conftest.c  >&5
configure:3054: $? = 0
configure:3076: result: 
configure:3098: checking whether we are cross compiling
configure:3106: gcc -o conftest    conftest.c  >&5
configure:3110: $? = 0
configure:3117: ./conftest
configure:3121: $? = 0
configure:3136: result: no
configure:3141: checking for suffix of object files
configure:3163: gcc -c   conftest.c >&5
configure:3167: $? = 0
configure:3188: result: o
configure:3192: checking whether we are using the GNU C compiler
configure:3211: gcc -c   conftest.c >&5
configure:3211: $? = 0
configure:3220: result: yes
configure:3229: checking whether gcc accepts -g
configure:3249: gcc -c -g  conftest.c >&5
configure:3249: $? = 0
configure:3290: result: yes
configure:3307: checking for gcc option to accept ISO C89
configure:3370: gcc  -c -g -O2  conftest.c >&5
configure:3370: $? = 0
configure:3383: result: none needed
configure:3408: checking how to run the C preprocessor
configure:3439: gcc -E  conftest.c
configure:3439: $? = 0
configure:3453: gcc -E  conftest.c
conftest.c:19:10: fatal error: 'ac_nonexistent.h' file not found
#include <ac_nonexistent.h>
         ^~~~~~~~~~~~~~~~~~
1 error generated.
configure:3453: $? = 1
configure: failed program was:
| /* confdefs.h */
| #define PACKAGE_NAME "HMMER"
| #define PACKAGE_TARNAME "hmmer"
| #define PACKAGE_VERSION "3.1rc1"
| #define PACKAGE_STRING "HMMER 3.1rc1"
| #define PACKAGE_BUGREPORT "sean@eddylab.org"
| #define PACKAGE_URL ""
| #define HMMER_DATE "January 2017"
| #define HMMER_COPYRIGHT "Copyright (C) 2017 Howard Hughes Medical Institute."
| #define HMMER_LICENSE "Freely distributed under the BSD open source license."
| #define HMMER_VERSION "3.1rc1"
| #define HMMER_URL "http://hmmer.org/"
| #define EASEL_DATE "January 2017"
| #define EASEL_COPYRIGHT "Copyright (C) 2017 Howard Hughes Medical Institute."
| #define EASEL_LICENSE "Freely distributed under the BSD open source license."
| #define EASEL_VERSION "0.44"
| #define eslDEBUGLEVEL 0
| /* end confdefs.h.  */
| #include <ac_nonexistent.h>
configure:3478: result: gcc -E
configure:3498: gcc -E  conftest.c
configure:3498: $? = 0
configure:3512: gcc -E  conftest.c
conftest.c:19:10: fatal error: 'ac_nonexistent.h' file not found
#include <ac_nonexistent.h>
         ^~~~~~~~~~~~~~~~~~
1 error generated.
configure:3512: $? = 1
configure: failed program was:
| /* confdefs.h */
| #define PACKAGE_NAME "HMMER"
| #define PACKAGE_TARNAME "hmmer"
| #define PACKAGE_VERSION "3.1rc1"
| #define PACKAGE_STRING "HMMER 3.1rc1"
| #define PACKAGE_BUGREPORT "sean@eddylab.org"
| #define PACKAGE_URL ""
| #define HMMER_DATE "January 2017"
| #define HMMER_COPYRIGHT "Copyright (C) 2017 Howard Hughes Medical Institute."
| #define HMMER_LICENSE "Freely distributed under the BSD open source license."
| #define HMMER_VERSION "3.1rc1"
| #define HMMER_URL "http://hmmer.org/"
| #define EASEL_DATE "January 2017"
| #define EASEL_COPYRIGHT "Copyright (C) 2017 Howard Hughes Medical Institute."
| #define EASEL_LICENSE "Freely distributed under the BSD open source license."
| #define EASEL_VERSION "0.44"
| #define eslDEBUGLEVEL 0
| /* end confdefs.h.  */
| #include <ac_nonexistent.h>
configure:3554: checking for a BSD-compatible install
configure:3622: result: /usr/bin/install -c
configure:3676: checking for ranlib
configure:3692: found /usr/bin/ranlib
configure:3703: result: ranlib
configure:3727: checking for ar
configure:3746: found /usr/bin/ar
configure:3759: result: /usr/bin/ar
configure:3767: checking whether ln -s works
configure:3771: result: yes
configure:3781: checking for C compiler vendor
configure:3828: gcc -c -g -O2  conftest.c >&5
conftest.c:25:9: error: use of undeclared identifier 'thisisanerror'
        thisisanerror;
        ^
1 error generated.
configure:3828: $? = 1
configure: failed program was:
| /* confdefs.h */
| #define PACKAGE_NAME "HMMER"
| #define PACKAGE_TARNAME "hmmer"
| #define PACKAGE_VERSION "3.1rc1"
| #define PACKAGE_STRING "HMMER 3.1rc1"
| #define PACKAGE_BUGREPORT "sean@eddylab.org"
| #define PACKAGE_URL ""
| #define HMMER_DATE "January 2017"
| #define HMMER_COPYRIGHT "Copyright (C) 2017 Howard Hughes Medical Institute."
| #define HMMER_LICENSE "Freely distributed under the BSD open source license."
| #define HMMER_VERSION "3.1rc1"
| #define HMMER_URL "http://hmmer.org/"
| #define EASEL_DATE "January 2017"
| #define EASEL_COPYRIGHT "Copyright (C) 2017 Howard Hughes Medical Institute."
| #define EASEL_LICENSE "Freely distributed under the BSD open source license."
| #define EASEL_VERSION "0.44"
| #define eslDEBUGLEVEL 0
| /* end confdefs.h.  */
| 
| int
| main ()
| {
| 
|       #if !(defined(__ICC) || defined(__ECC) || defined(__INTEL_COMPILER))
|         thisisanerror;
|       #endif
| 
|   ;
|   return 0;
| }
configure:3828: gcc -c -g -O2  conftest.c >&5
conftest.c:25:9: error: use of undeclared identifier 'thisisanerror'
        thisisanerror;
        ^
1 error generated.
configure:3828: $? = 1
configure: failed program was:
| /* confdefs.h */
| #define PACKAGE_NAME "HMMER"
| #define PACKAGE_TARNAME "hmmer"
| #define PACKAGE_VERSION "3.1rc1"
| #define PACKAGE_STRING "HMMER 3.1rc1"
| #define PACKAGE_BUGREPORT "sean@eddylab.org"
| #define PACKAGE_URL ""
| #define HMMER_DATE "January 2017"
| #define HMMER_COPYRIGHT "Copyright (C) 2017 Howard Hughes Medical Institute."
| #define HMMER_LICENSE "Freely distributed under the BSD open source license."
| #define HMMER_VERSION "3.1rc1"
| #define HMMER_URL "http://hmmer.org/"
| #define EASEL_DATE "January 2017"
| #define EASEL_COPYRIGHT "Copyright (C) 2017 Howard Hughes Medical Institute."
| #define EASEL_LICENSE "Freely distributed under the BSD open source license."
| #define EASEL_VERSION "0.44"
| #define eslDEBUGLEVEL 0
| /* end confdefs.h.  */
| 
| int
| main ()
| {
| 
|       #if !(defined(__xlc__) || defined(__xlC__) || defined(__IBMC__) || defined(__IBMCPP__))
|         thisisanerror;
|       #endif
| 
|   ;
|   return 0;
| }
configure:3828: gcc -c -g -O2  conftest.c >&5
conftest.c:25:9: error: use of undeclared identifier 'thisisanerror'
        thisisanerror;
        ^
1 error generated.
configure:3828: $? = 1
configure: failed program was:
| /* confdefs.h */
| #define PACKAGE_NAME "HMMER"
| #define PACKAGE_TARNAME "hmmer"
| #define PACKAGE_VERSION "3.1rc1"
| #define PACKAGE_STRING "HMMER 3.1rc1"
| #define PACKAGE_BUGREPORT "sean@eddylab.org"
| #define PACKAGE_URL ""
| #define HMMER_DATE "January 2017"
| #define HMMER_COPYRIGHT "Copyright (C) 2017 Howard Hughes Medical Institute."
| #define HMMER_LICENSE "Freely distributed under the BSD open source license."
| #define HMMER_VERSION "3.1rc1"
| #define HMMER_URL "http://hmmer.org/"
| #define EASEL_DATE "January 2017"
| #define EASEL_COPYRIGHT "Copyright (C) 2017 Howard Hughes Medical Institute."
| #define EASEL_LICENSE "Freely distributed under the BSD open source license."
| #define EASEL_VERSION "0.44"
| #define eslDEBUGLEVEL 0
| /* end confdefs.h.  */
| 
| int
| main ()
| {
| 
|       #if !(defined(__PATHCC__) || defined(__PATHSCALE__))
|         thisisanerror;
|       #endif
| 
|   ;
|   return 0;
| }
configure:3828: gcc -c -g -O2  conftest.c >&5
configure:3828: $? = 0
configure:3836: result: clang
configure:3844: checking for gcc option to accept ISO C99
configure:3993: gcc  -c -g -O2  conftest.c >&5
configure:3993: $? = 0
configure:4006: result: none needed
configure:4114: checking for gcc option to accept ISO Standard C
configure:4125: result: none needed
configure:4369: checking for a sed that does not truncate output
configure:4433: result: /usr/bin/sed
configure:4439: checking for grep that handles long lines and -e
configure:4497: result: /usr/bin/grep
configure:4502: checking for egrep
configure:4564: result: /usr/bin/grep -E
configure:4752: checking whether gcc is Clang
configure:4777: result: yes
configure:4824: checking whether Clang needs flag to prevent "argument unused" warning when linking with -pthread
configure:4849: gcc -o conftest -Werror -Wunknown-warning-option  -pthread -O3   conftest.c  >&5
configure:4849: $? = 0
configure:4855: (gcc -c -Werror -Wunknown-warning-option  -pthread -O3  conftest.c >&5) && (echo ==== >&5) && (gcc -o conftest -Werror -Wunknown-warning-option  -pthread -O3   conftest.o  >&5)
====
configure:4855: $? = 0
configure:4873: result: no
configure:5022: checking for joinable pthread attribute
configure:5040: gcc -o conftest -O3 -pthread   conftest.c   >&5
configure:5040: $? = 0
configure:5048: result: PTHREAD_CREATE_JOINABLE
configure:5062: checking whether more special flags are required for pthreads
configure:5075: result: no
configure:5083: checking for PTHREAD_PRIO_INHERIT
configure:5099: gcc -o conftest -O3 -pthread   conftest.c   >&5
configure:5099: $? = 0
configure:5108: result: yes
configure:5250: checking whether gcc can compile our Altivec/VMX code
configure:5282: gcc -o conftest -O3   conftest.c  >&5
In file included from conftest.c:23:
/Library/Developer/CommandLineTools/usr/lib/clang/9.1.0/include/altivec.h:27:2: error: "AltiVec support not enabled"
#error "AltiVec support not enabled"
 ^
/Library/Developer/CommandLineTools/usr/lib/clang/9.1.0/include/altivec.h:62:19: error: unknown type name 'vector'
static __inline__ vector signed char __ATTRS_o_ai vec_perm(
                  ^
/Library/Developer/CommandLineTools/usr/lib/clang/9.1.0/include/altivec.h:62:26: error: expected identifier or '('
static __inline__ vector signed char __ATTRS_o_ai vec_perm(
                         ^
/Library/Developer/CommandLineTools/usr/lib/clang/9.1.0/include/altivec.h:65:19: error: unknown type name 'vector'
static __inline__ vector unsigned char __ATTRS_o_ai
                  ^
/Library/Developer/CommandLineTools/usr/lib/clang/9.1.0/include/altivec.h:65:26: error: expected identifier or '('
static __inline__ vector unsigned char __ATTRS_o_ai
                         ^
/Library/Developer/CommandLineTools/usr/lib/clang/9.1.0/include/altivec.h:69:19: error: unknown type name 'vector'
static __inline__ vector bool char __ATTRS_o_ai
                  ^
/Library/Developer/CommandLineTools/usr/lib/clang/9.1.0/include/altivec.h:69:8: error: 'inline' can only appear on functions
static __inline__ vector bool char __ATTRS_o_ai
       ^
/Library/Developer/CommandLineTools/usr/lib/clang/9.1.0/include/altivec.h:69:30: error: expected ';' after top level declarator
static __inline__ vector bool char __ATTRS_o_ai
                             ^
/Library/Developer/CommandLineTools/usr/lib/clang/9.1.0/include/altivec.h:70:10: error: unknown type name 'vector'
vec_perm(vector bool char __a, vector bool char __b, vector unsigned char __c);
         ^
/Library/Developer/CommandLineTools/usr/lib/clang/9.1.0/include/altivec.h:70:22: error: expected ')'
vec_perm(vector bool char __a, vector bool char __b, vector unsigned char __c);
                     ^
/Library/Developer/CommandLineTools/usr/lib/clang/9.1.0/include/altivec.h:70:9: note: to match this '('
vec_perm(vector bool char __a, vector bool char __b, vector unsigned char __c);
        ^
/Library/Developer/CommandLineTools/usr/lib/clang/9.1.0/include/altivec.h:72:19: error: unknown type name 'vector'
static __inline__ vector short __ATTRS_o_ai vec_perm(vector signed short __a,
                  ^
/Library/Developer/CommandLineTools/usr/lib/clang/9.1.0/include/altivec.h:72:26: error: expected identifier or '('
static __inline__ vector short __ATTRS_o_ai vec_perm(vector signed short __a,
                         ^
/Library/Developer/CommandLineTools/usr/lib/clang/9.1.0/include/altivec.h:76:19: error: unknown type name 'vector'
static __inline__ vector unsigned short __ATTRS_o_ai
                  ^
/Library/Developer/CommandLineTools/usr/lib/clang/9.1.0/include/altivec.h:76:26: error: expected identifier or '('
static __inline__ vector unsigned short __ATTRS_o_ai
                         ^
/Library/Developer/CommandLineTools/usr/lib/clang/9.1.0/include/altivec.h:80:19: error: unknown type name 'vector'
static __inline__ vector bool short __ATTRS_o_ai vec_perm(
                  ^
/Library/Developer/CommandLineTools/usr/lib/clang/9.1.0/include/altivec.h:80:8: error: 'inline' can only appear on functions
static __inline__ vector bool short __ATTRS_o_ai vec_perm(
       ^
/Library/Developer/CommandLineTools/usr/lib/clang/9.1.0/include/altivec.h:80:30: error: expected ';' after top level declarator
static __inline__ vector bool short __ATTRS_o_ai vec_perm(
                             ^
/Library/Developer/CommandLineTools/usr/lib/clang/9.1.0/include/altivec.h:81:5: error: unknown type name 'vector'
    vector bool short __a, vector bool short __b, vector unsigned char __c);
    ^
/Library/Developer/CommandLineTools/usr/lib/clang/9.1.0/include/altivec.h:81:17: error: expected ')'
    vector bool short __a, vector bool short __b, vector unsigned char __c);
                ^
/Library/Developer/CommandLineTools/usr/lib/clang/9.1.0/include/altivec.h:80:58: note: to match this '('
static __inline__ vector bool short __ATTRS_o_ai vec_perm(
                                                         ^
fatal error: too many errors emitted, stopping now [-ferror-limit=]
20 errors generated.
configure:5282: $? = 1
configure: failed program was:
| /* confdefs.h */
| #define PACKAGE_NAME "HMMER"
| #define PACKAGE_TARNAME "hmmer"
| #define PACKAGE_VERSION "3.1rc1"
| #define PACKAGE_STRING "HMMER 3.1rc1"
| #define PACKAGE_BUGREPORT "sean@eddylab.org"
| #define PACKAGE_URL ""
| #define HMMER_DATE "January 2017"
| #define HMMER_COPYRIGHT "Copyright (C) 2017 Howard Hughes Medical Institute."
| #define HMMER_LICENSE "Freely distributed under the BSD open source license."
| #define HMMER_VERSION "3.1rc1"
| #define HMMER_URL "http://hmmer.org/"
| #define EASEL_DATE "January 2017"
| #define EASEL_COPYRIGHT "Copyright (C) 2017 Howard Hughes Medical Institute."
| #define EASEL_LICENSE "Freely distributed under the BSD open source license."
| #define EASEL_VERSION "0.44"
| #define eslDEBUGLEVEL 0
| #define HAVE_PTHREAD_PRIO_INHERIT 1
| #define HAVE_PTHREAD 1
| #define HMMER_THREADS 1
| /* end confdefs.h.  */
| 
| #include <altivec.h>
| #include <stdint.h>
| int stub_vmx(void) {
| vector signed int v1,v2;
| union { vector signed int v; int32_t x[4]; } v3;
| v1   = vec_splat_s32(6);
| v2   = vec_splat_s32(12);
| v3.v = vec_add(v1,v2);
| return (int) v3.x[0];}
| int main(void) { if (stub_vmx() != 18) return 1; else return 0; }
| 
configure:5282: gcc -o conftest -O3 -maltivec   conftest.c  >&5
clang: warning: argument unused during compilation: '-maltivec' [-Wunused-command-line-argument]
In file included from conftest.c:23:
/Library/Developer/CommandLineTools/usr/lib/clang/9.1.0/include/altivec.h:27:2: error: "AltiVec support not enabled"
#error "AltiVec support not enabled"
 ^
/Library/Developer/CommandLineTools/usr/lib/clang/9.1.0/include/altivec.h:62:19: error: unknown type name 'vector'
static __inline__ vector signed char __ATTRS_o_ai vec_perm(
                  ^
/Library/Developer/CommandLineTools/usr/lib/clang/9.1.0/include/altivec.h:62:26: error: expected identifier or '('
static __inline__ vector signed char __ATTRS_o_ai vec_perm(
                         ^
/Library/Developer/CommandLineTools/usr/lib/clang/9.1.0/include/altivec.h:65:19: error: unknown type name 'vector'
static __inline__ vector unsigned char __ATTRS_o_ai
                  ^
/Library/Developer/CommandLineTools/usr/lib/clang/9.1.0/include/altivec.h:65:26: error: expected identifier or '('
static __inline__ vector unsigned char __ATTRS_o_ai
                         ^
/Library/Developer/CommandLineTools/usr/lib/clang/9.1.0/include/altivec.h:69:19: error: unknown type name 'vector'
static __inline__ vector bool char __ATTRS_o_ai
                  ^
/Library/Developer/CommandLineTools/usr/lib/clang/9.1.0/include/altivec.h:69:8: error: 'inline' can only appear on functions
static __inline__ vector bool char __ATTRS_o_ai
       ^
/Library/Developer/CommandLineTools/usr/lib/clang/9.1.0/include/altivec.h:69:30: error: expected ';' after top level declarator
static __inline__ vector bool char __ATTRS_o_ai
                             ^
/Library/Developer/CommandLineTools/usr/lib/clang/9.1.0/include/altivec.h:70:10: error: unknown type name 'vector'
vec_perm(vector bool char __a, vector bool char __b, vector unsigned char __c);
         ^
/Library/Developer/CommandLineTools/usr/lib/clang/9.1.0/include/altivec.h:70:22: error: expected ')'
vec_perm(vector bool char __a, vector bool char __b, vector unsigned char __c);
                     ^
/Library/Developer/CommandLineTools/usr/lib/clang/9.1.0/include/altivec.h:70:9: note: to match this '('
vec_perm(vector bool char __a, vector bool char __b, vector unsigned char __c);
        ^
/Library/Developer/CommandLineTools/usr/lib/clang/9.1.0/include/altivec.h:72:19: error: unknown type name 'vector'
static __inline__ vector short __ATTRS_o_ai vec_perm(vector signed short __a,
                  ^
/Library/Developer/CommandLineTools/usr/lib/clang/9.1.0/include/altivec.h:72:26: error: expected identifier or '('
static __inline__ vector short __ATTRS_o_ai vec_perm(vector signed short __a,
                         ^
/Library/Developer/CommandLineTools/usr/lib/clang/9.1.0/include/altivec.h:76:19: error: unknown type name 'vector'
static __inline__ vector unsigned short __ATTRS_o_ai
                  ^
/Library/Developer/CommandLineTools/usr/lib/clang/9.1.0/include/altivec.h:76:26: error: expected identifier or '('
static __inline__ vector unsigned short __ATTRS_o_ai
                         ^
/Library/Developer/CommandLineTools/usr/lib/clang/9.1.0/include/altivec.h:80:19: error: unknown type name 'vector'
static __inline__ vector bool short __ATTRS_o_ai vec_perm(
                  ^
/Library/Developer/CommandLineTools/usr/lib/clang/9.1.0/include/altivec.h:80:8: error: 'inline' can only appear on functions
static __inline__ vector bool short __ATTRS_o_ai vec_perm(
       ^
/Library/Developer/CommandLineTools/usr/lib/clang/9.1.0/include/altivec.h:80:30: error: expected ';' after top level declarator
static __inline__ vector bool short __ATTRS_o_ai vec_perm(
                             ^
/Library/Developer/CommandLineTools/usr/lib/clang/9.1.0/include/altivec.h:81:5: error: unknown type name 'vector'
    vector bool short __a, vector bool short __b, vector unsigned char __c);
    ^
/Library/Developer/CommandLineTools/usr/lib/clang/9.1.0/include/altivec.h:81:17: error: expected ')'
    vector bool short __a, vector bool short __b, vector unsigned char __c);
                ^
/Library/Developer/CommandLineTools/usr/lib/clang/9.1.0/include/altivec.h:80:58: note: to match this '('
static __inline__ vector bool short __ATTRS_o_ai vec_perm(
                                                         ^
fatal error: too many errors emitted, stopping now [-ferror-limit=]
20 errors generated.
configure:5282: $? = 1
configure: failed program was:
| /* confdefs.h */
| #define PACKAGE_NAME "HMMER"
| #define PACKAGE_TARNAME "hmmer"
| #define PACKAGE_VERSION "3.1rc1"
| #define PACKAGE_STRING "HMMER 3.1rc1"
| #define PACKAGE_BUGREPORT "sean@eddylab.org"
| #define PACKAGE_URL ""
| #define HMMER_DATE "January 2017"
| #define HMMER_COPYRIGHT "Copyright (C) 2017 Howard Hughes Medical Institute."
| #define HMMER_LICENSE "Freely distributed under the BSD open source license."
| #define HMMER_VERSION "3.1rc1"
| #define HMMER_URL "http://hmmer.org/"
| #define EASEL_DATE "January 2017"
| #define EASEL_COPYRIGHT "Copyright (C) 2017 Howard Hughes Medical Institute."
| #define EASEL_LICENSE "Freely distributed under the BSD open source license."
| #define EASEL_VERSION "0.44"
| #define eslDEBUGLEVEL 0
| #define HAVE_PTHREAD_PRIO_INHERIT 1
| #define HAVE_PTHREAD 1
| #define HMMER_THREADS 1
| /* end confdefs.h.  */
| 
| #include <altivec.h>
| #include <stdint.h>
| int stub_vmx(void) {
| vector signed int v1,v2;
| union { vector signed int v; int32_t x[4]; } v3;
| v1   = vec_splat_s32(6);
| v2   = vec_splat_s32(12);
| v3.v = vec_add(v1,v2);
| return (int) v3.x[0];}
| int main(void) { if (stub_vmx() != 18) return 1; else return 0; }
| 
configure:5282: gcc -o conftest -O3 -faltivec   conftest.c  >&5
clang: error: the clang compiler does not support 'faltivec', please use -maltivec and include altivec.h explicitly
configure:5282: $? = 1
configure: failed program was:
| /* confdefs.h */
| #define PACKAGE_NAME "HMMER"
| #define PACKAGE_TARNAME "hmmer"
| #define PACKAGE_VERSION "3.1rc1"
| #define PACKAGE_STRING "HMMER 3.1rc1"
| #define PACKAGE_BUGREPORT "sean@eddylab.org"
| #define PACKAGE_URL ""
| #define HMMER_DATE "January 2017"
| #define HMMER_COPYRIGHT "Copyright (C) 2017 Howard Hughes Medical Institute."
| #define HMMER_LICENSE "Freely distributed under the BSD open source license."
| #define HMMER_VERSION "3.1rc1"
| #define HMMER_URL "http://hmmer.org/"
| #define EASEL_DATE "January 2017"
| #define EASEL_COPYRIGHT "Copyright (C) 2017 Howard Hughes Medical Institute."
| #define EASEL_LICENSE "Freely distributed under the BSD open source license."
| #define EASEL_VERSION "0.44"
| #define eslDEBUGLEVEL 0
| #define HAVE_PTHREAD_PRIO_INHERIT 1
| #define HAVE_PTHREAD 1
| #define HMMER_THREADS 1
| /* end confdefs.h.  */
| 
| #include <altivec.h>
| #include <stdint.h>
| int stub_vmx(void) {
| vector signed int v1,v2;
| union { vector signed int v; int32_t x[4]; } v3;
| v1   = vec_splat_s32(6);
| v2   = vec_splat_s32(12);
| v3.v = vec_add(v1,v2);
| return (int) v3.x[0];}
| int main(void) { if (stub_vmx() != 18) return 1; else return 0; }
| 
configure:5291: result: no
configure:5333: checking whether gcc can compile our SSE code
configure:5366: gcc -o conftest -O3   conftest.c  >&5
configure:5366: $? = 0
configure:5380: result: yes
configure:5417: Activating Intel/AMD SSE vector DP implementation
configure:5449: checking whether _MM_SET_FLUSH_ZERO_MODE is supported
configure:5465: gcc -c -O3   conftest.c >&5
configure:5465: $? = 0
configure:5466: result: yes
configure:5482: checking compiler support --start-group
configure:5497: gcc -o conftest -O3  -Wl,--start-group -Wl,--end-group  conftest.c  >&5
ld: unknown option: --start-group
clang: error: linker command failed with exit code 1 (use -v to see invocation)
configure:5497: $? = 1
configure: failed program was:
| /* confdefs.h */
| #define PACKAGE_NAME "HMMER"
| #define PACKAGE_TARNAME "hmmer"
| #define PACKAGE_VERSION "3.1rc1"
| #define PACKAGE_STRING "HMMER 3.1rc1"
| #define PACKAGE_BUGREPORT "sean@eddylab.org"
| #define PACKAGE_URL ""
| #define HMMER_DATE "January 2017"
| #define HMMER_COPYRIGHT "Copyright (C) 2017 Howard Hughes Medical Institute."
| #define HMMER_LICENSE "Freely distributed under the BSD open source license."
| #define HMMER_VERSION "3.1rc1"
| #define HMMER_URL "http://hmmer.org/"
| #define EASEL_DATE "January 2017"
| #define EASEL_COPYRIGHT "Copyright (C) 2017 Howard Hughes Medical Institute."
| #define EASEL_LICENSE "Freely distributed under the BSD open source license."
| #define EASEL_VERSION "0.44"
| #define eslDEBUGLEVEL 0
| #define HAVE_PTHREAD_PRIO_INHERIT 1
| #define HAVE_PTHREAD 1
| #define HMMER_THREADS 1
| #define eslENABLE_SSE 1
| #define HAVE_FLUSH_ZERO_MODE 1
| /* end confdefs.h.  */
| 
| int
| main ()
| {
| 
|   ;
|   return 0;
| }
configure:5503: result: no
configure:5519: checking for gzip
configure:5537: found /usr/bin/gzip
configure:5550: result: /usr/bin/gzip
configure:5630: checking for library containing clock_gettime
configure:5661: gcc -o conftest -O3   conftest.c  >&5
configure:5661: $? = 0
configure:5678: result: none required
configure:5693: checking for ANSI C header files
configure:5713: gcc -c -O3  conftest.c >&5
configure:5713: $? = 0
configure:5786: gcc -o conftest -O3   conftest.c  >&5
configure:5786: $? = 0
configure:5786: ./conftest
configure:5786: $? = 0
configure:5797: result: yes
configure:5810: checking for sys/types.h
configure:5810: gcc -c -O3  conftest.c >&5
configure:5810: $? = 0
configure:5810: result: yes
configure:5810: checking for sys/stat.h
configure:5810: gcc -c -O3  conftest.c >&5
configure:5810: $? = 0
configure:5810: result: yes
configure:5810: checking for stdlib.h
configure:5810: gcc -c -O3  conftest.c >&5
configure:5810: $? = 0
configure:5810: result: yes
configure:5810: checking for string.h
configure:5810: gcc -c -O3  conftest.c >&5
configure:5810: $? = 0
configure:5810: result: yes
configure:5810: checking for memory.h
configure:5810: gcc -c -O3  conftest.c >&5
configure:5810: $? = 0
configure:5810: result: yes
configure:5810: checking for strings.h
configure:5810: gcc -c -O3  conftest.c >&5
configure:5810: $? = 0
configure:5810: result: yes
configure:5810: checking for inttypes.h
configure:5810: gcc -c -O3  conftest.c >&5
configure:5810: $? = 0
configure:5810: result: yes
configure:5810: checking for stdint.h
configure:5810: gcc -c -O3  conftest.c >&5
configure:5810: $? = 0
configure:5810: result: yes
configure:5810: checking for unistd.h
configure:5810: gcc -c -O3  conftest.c >&5
configure:5810: $? = 0
configure:5810: result: yes
configure:5832: checking endian.h usability
configure:5832: gcc -c -O3  conftest.c >&5
conftest.c:68:10: fatal error: 'endian.h' file not found
#include <endian.h>
         ^~~~~~~~~~
1 error generated.
configure:5832: $? = 1
configure: failed program was:
| /* confdefs.h */
| #define PACKAGE_NAME "HMMER"
| #define PACKAGE_TARNAME "hmmer"
| #define PACKAGE_VERSION "3.1rc1"
| #define PACKAGE_STRING "HMMER 3.1rc1"
| #define PACKAGE_BUGREPORT "sean@eddylab.org"
| #define PACKAGE_URL ""
| #define HMMER_DATE "January 2017"
| #define HMMER_COPYRIGHT "Copyright (C) 2017 Howard Hughes Medical Institute."
| #define HMMER_LICENSE "Freely distributed under the BSD open source license."
| #define HMMER_VERSION "3.1rc1"
| #define HMMER_URL "http://hmmer.org/"
| #define EASEL_DATE "January 2017"
| #define EASEL_COPYRIGHT "Copyright (C) 2017 Howard Hughes Medical Institute."
| #define EASEL_LICENSE "Freely distributed under the BSD open source license."
| #define EASEL_VERSION "0.44"
| #define eslDEBUGLEVEL 0
| #define HAVE_PTHREAD_PRIO_INHERIT 1
| #define HAVE_PTHREAD 1
| #define HMMER_THREADS 1
| #define eslENABLE_SSE 1
| #define HAVE_FLUSH_ZERO_MODE 1
| #define HAVE_GZIP 1
| #define STDC_HEADERS 1
| #define HAVE_SYS_TYPES_H 1
| #define HAVE_SYS_STAT_H 1
| #define HAVE_STDLIB_H 1
| #define HAVE_STRING_H 1
| #define HAVE_MEMORY_H 1
| #define HAVE_STRINGS_H 1
| #define HAVE_INTTYPES_H 1
| #define HAVE_STDINT_H 1
| #define HAVE_UNISTD_H 1
| /* end confdefs.h.  */
| #include <stdio.h>
| #ifdef HAVE_SYS_TYPES_H
| # include <sys/types.h>
| #endif
| #ifdef HAVE_SYS_STAT_H
| # include <sys/stat.h>
| #endif
| #ifdef STDC_HEADERS
| # include <stdlib.h>
| # include <stddef.h>
| #else
| # ifdef HAVE_STDLIB_H
| #  include <stdlib.h>
| # endif
| #endif
| #ifdef HAVE_STRING_H
| # if !defined STDC_HEADERS && defined HAVE_MEMORY_H
| #  include <memory.h>
| # endif
| # include <string.h>
| #endif
| #ifdef HAVE_STRINGS_H
| # include <strings.h>
| #endif
| #ifdef HAVE_INTTYPES_H
| # include <inttypes.h>
| #endif
| #ifdef HAVE_STDINT_H
| # include <stdint.h>
| #endif
| #ifdef HAVE_UNISTD_H
| # include <unistd.h>
| #endif
| #include <endian.h>
configure:5832: result: no
configure:5832: checking endian.h presence
configure:5832: gcc -E  conftest.c
conftest.c:35:10: fatal error: 'endian.h' file not found
#include <endian.h>
         ^~~~~~~~~~
1 error generated.
configure:5832: $? = 1
configure: failed program was:
| /* confdefs.h */
| #define PACKAGE_NAME "HMMER"
| #define PACKAGE_TARNAME "hmmer"
| #define PACKAGE_VERSION "3.1rc1"
| #define PACKAGE_STRING "HMMER 3.1rc1"
| #define PACKAGE_BUGREPORT "sean@eddylab.org"
| #define PACKAGE_URL ""
| #define HMMER_DATE "January 2017"
| #define HMMER_COPYRIGHT "Copyright (C) 2017 Howard Hughes Medical Institute."
| #define HMMER_LICENSE "Freely distributed under the BSD open source license."
| #define HMMER_VERSION "3.1rc1"
| #define HMMER_URL "http://hmmer.org/"
| #define EASEL_DATE "January 2017"
| #define EASEL_COPYRIGHT "Copyright (C) 2017 Howard Hughes Medical Institute."
| #define EASEL_LICENSE "Freely distributed under the BSD open source license."
| #define EASEL_VERSION "0.44"
| #define eslDEBUGLEVEL 0
| #define HAVE_PTHREAD_PRIO_INHERIT 1
| #define HAVE_PTHREAD 1
| #define HMMER_THREADS 1
| #define eslENABLE_SSE 1
| #define HAVE_FLUSH_ZERO_MODE 1
| #define HAVE_GZIP 1
| #define STDC_HEADERS 1
| #define HAVE_SYS_TYPES_H 1
| #define HAVE_SYS_STAT_H 1
| #define HAVE_STDLIB_H 1
| #define HAVE_STRING_H 1
| #define HAVE_MEMORY_H 1
| #define HAVE_STRINGS_H 1
| #define HAVE_INTTYPES_H 1
| #define HAVE_STDINT_H 1
| #define HAVE_UNISTD_H 1
| /* end confdefs.h.  */
| #include <endian.h>
configure:5832: result: no
configure:5832: checking for endian.h
configure:5832: result: no
configure:5832: checking for inttypes.h
configure:5832: result: yes
configure:5832: checking for stdint.h
configure:5832: result: yes
configure:5832: checking for unistd.h
configure:5832: result: yes
configure:5832: checking for sys/types.h
configure:5832: result: yes
configure:5832: checking netinet/in.h usability
configure:5832: gcc -c -O3  conftest.c >&5
configure:5832: $? = 0
configure:5832: result: yes
configure:5832: checking netinet/in.h presence
configure:5832: gcc -E  conftest.c
configure:5832: $? = 0
configure:5832: result: yes
configure:5832: checking for netinet/in.h
configure:5832: result: yes
configure:5848: checking sys/param.h usability
configure:5848: gcc -c -O3  conftest.c >&5
configure:5848: $? = 0
configure:5848: result: yes
configure:5848: checking sys/param.h presence
configure:5848: gcc -E  conftest.c
configure:5848: $? = 0
configure:5848: result: yes
configure:5848: checking for sys/param.h
configure:5848: result: yes
configure:5860: checking for sys/sysctl.h
configure:5860: gcc -c -O3  conftest.c >&5
configure:5860: $? = 0
configure:5860: result: yes
configure:5902: checking whether byte ordering is bigendian
configure:5917: gcc -c -O3  conftest.c >&5
configure:5917: $? = 0
configure:5962: gcc -c -O3  conftest.c >&5
configure:5962: $? = 0
configure:5980: gcc -c -O3  conftest.c >&5
conftest.c:49:4: error: use of undeclared identifier 'not'
                 not big endian
                 ^
1 error generated.
configure:5980: $? = 1
configure: failed program was:
| /* confdefs.h */
| #define PACKAGE_NAME "HMMER"
| #define PACKAGE_TARNAME "hmmer"
| #define PACKAGE_VERSION "3.1rc1"
| #define PACKAGE_STRING "HMMER 3.1rc1"
| #define PACKAGE_BUGREPORT "sean@eddylab.org"
| #define PACKAGE_URL ""
| #define HMMER_DATE "January 2017"
| #define HMMER_COPYRIGHT "Copyright (C) 2017 Howard Hughes Medical Institute."
| #define HMMER_LICENSE "Freely distributed under the BSD open source license."
| #define HMMER_VERSION "3.1rc1"
| #define HMMER_URL "http://hmmer.org/"
| #define EASEL_DATE "January 2017"
| #define EASEL_COPYRIGHT "Copyright (C) 2017 Howard Hughes Medical Institute."
| #define EASEL_LICENSE "Freely distributed under the BSD open source license."
| #define EASEL_VERSION "0.44"
| #define eslDEBUGLEVEL 0
| #define HAVE_PTHREAD_PRIO_INHERIT 1
| #define HAVE_PTHREAD 1
| #define HMMER_THREADS 1
| #define eslENABLE_SSE 1
| #define HAVE_FLUSH_ZERO_MODE 1
| #define HAVE_GZIP 1
| #define STDC_HEADERS 1
| #define HAVE_SYS_TYPES_H 1
| #define HAVE_SYS_STAT_H 1
| #define HAVE_STDLIB_H 1
| #define HAVE_STRING_H 1
| #define HAVE_MEMORY_H 1
| #define HAVE_STRINGS_H 1
| #define HAVE_INTTYPES_H 1
| #define HAVE_STDINT_H 1
| #define HAVE_UNISTD_H 1
| #define HAVE_INTTYPES_H 1
| #define HAVE_STDINT_H 1
| #define HAVE_UNISTD_H 1
| #define HAVE_SYS_TYPES_H 1
| #define HAVE_NETINET_IN_H 1
| #define HAVE_SYS_PARAM_H 1
| #define HAVE_SYS_SYSCTL_H 1
| /* end confdefs.h.  */
| #include <sys/types.h>
| 		#include <sys/param.h>
| 
| int
| main ()
| {
| #if BYTE_ORDER != BIG_ENDIAN
| 		 not big endian
| 		#endif
| 
|   ;
|   return 0;
| }
configure:6108: result: no
configure:6126: checking for uint8_t
configure:6126: gcc -c -O3  conftest.c >&5
configure:6126: $? = 0
configure:6126: result: yes
configure:6140: checking for uint16_t
configure:6140: gcc -c -O3  conftest.c >&5
configure:6140: $? = 0
configure:6140: result: yes
configure:6152: checking for uint32_t
configure:6152: gcc -c -O3  conftest.c >&5
configure:6152: $? = 0
configure:6152: result: yes
configure:6166: checking for uint64_t
configure:6166: gcc -c -O3  conftest.c >&5
configure:6166: $? = 0
configure:6166: result: yes
configure:6180: checking for off_t
configure:6180: gcc -c -O3  conftest.c >&5
configure:6180: $? = 0
configure:6180: gcc -c -O3  conftest.c >&5
conftest.c:78:20: error: expected expression
if (sizeof ((off_t)))
                   ^
1 error generated.
configure:6180: $? = 1
configure: failed program was:
| /* confdefs.h */
| #define PACKAGE_NAME "HMMER"
| #define PACKAGE_TARNAME "hmmer"
| #define PACKAGE_VERSION "3.1rc1"
| #define PACKAGE_STRING "HMMER 3.1rc1"
| #define PACKAGE_BUGREPORT "sean@eddylab.org"
| #define PACKAGE_URL ""
| #define HMMER_DATE "January 2017"
| #define HMMER_COPYRIGHT "Copyright (C) 2017 Howard Hughes Medical Institute."
| #define HMMER_LICENSE "Freely distributed under the BSD open source license."
| #define HMMER_VERSION "3.1rc1"
| #define HMMER_URL "http://hmmer.org/"
| #define EASEL_DATE "January 2017"
| #define EASEL_COPYRIGHT "Copyright (C) 2017 Howard Hughes Medical Institute."
| #define EASEL_LICENSE "Freely distributed under the BSD open source license."
| #define EASEL_VERSION "0.44"
| #define eslDEBUGLEVEL 0
| #define HAVE_PTHREAD_PRIO_INHERIT 1
| #define HAVE_PTHREAD 1
| #define HMMER_THREADS 1
| #define eslENABLE_SSE 1
| #define HAVE_FLUSH_ZERO_MODE 1
| #define HAVE_GZIP 1
| #define STDC_HEADERS 1
| #define HAVE_SYS_TYPES_H 1
| #define HAVE_SYS_STAT_H 1
| #define HAVE_STDLIB_H 1
| #define HAVE_STRING_H 1
| #define HAVE_MEMORY_H 1
| #define HAVE_STRINGS_H 1
| #define HAVE_INTTYPES_H 1
| #define HAVE_STDINT_H 1
| #define HAVE_UNISTD_H 1
| #define HAVE_INTTYPES_H 1
| #define HAVE_STDINT_H 1
| #define HAVE_UNISTD_H 1
| #define HAVE_SYS_TYPES_H 1
| #define HAVE_NETINET_IN_H 1
| #define HAVE_SYS_PARAM_H 1
| #define HAVE_SYS_SYSCTL_H 1
| /* end confdefs.h.  */
| #include <stdio.h>
| #ifdef HAVE_SYS_TYPES_H
| # include <sys/types.h>
| #endif
| #ifdef HAVE_SYS_STAT_H
| # include <sys/stat.h>
| #endif
| #ifdef STDC_HEADERS
| # include <stdlib.h>
| # include <stddef.h>
| #else
| # ifdef HAVE_STDLIB_H
| #  include <stdlib.h>
| # endif
| #endif
| #ifdef HAVE_STRING_H
| # if !defined STDC_HEADERS && defined HAVE_MEMORY_H
| #  include <memory.h>
| # endif
| # include <string.h>
| #endif
| #ifdef HAVE_STRINGS_H
| # include <strings.h>
| #endif
| #ifdef HAVE_INTTYPES_H
| # include <inttypes.h>
| #endif
| #ifdef HAVE_STDINT_H
| # include <stdint.h>
| #endif
| #ifdef HAVE_UNISTD_H
| # include <unistd.h>
| #endif
| int
| main ()
| {
| if (sizeof ((off_t)))
| 	    return 0;
|   ;
|   return 0;
| }
configure:6180: result: yes
configure:6216: checking for __attribute__((noreturn))
configure:6237: gcc -o conftest -O3   conftest.c  >&5
configure:6237: $? = 0
configure:6250: result: yes
configure:6282: checking for __attribute__((format))
configure:6303: gcc -o conftest -O3   conftest.c  >&5
configure:6303: $? = 0
configure:6316: result: yes
configure:6338: checking for mkstemp
configure:6338: gcc -o conftest -O3   conftest.c  >&5
configure:6338: $? = 0
configure:6338: result: yes
configure:6349: checking for popen
configure:6349: gcc -o conftest -O3   conftest.c  >&5
configure:6349: $? = 0
configure:6349: result: yes
configure:6360: checking for putenv
configure:6360: gcc -o conftest -O3   conftest.c  >&5
configure:6360: $? = 0
configure:6360: result: yes
configure:6371: checking for strcasecmp
configure:6371: gcc -o conftest -O3   conftest.c  >&5
conftest.c:70:6: warning: incompatible redeclaration of library function 'strcasecmp' [-Wincompatible-library-redeclaration]
char strcasecmp ();
     ^
conftest.c:70:6: note: 'strcasecmp' is a builtin with type 'int (const char *, const char *)'
1 warning generated.
configure:6371: $? = 0
configure:6371: result: yes
configure:6382: checking for strsep
configure:6382: gcc -o conftest -O3   conftest.c  >&5
configure:6382: $? = 0
configure:6382: result: yes
configure:6393: checking for times
configure:6393: gcc -o conftest -O3   conftest.c  >&5
configure:6393: $? = 0
configure:6393: result: yes
configure:6404: checking for getpid
configure:6404: gcc -o conftest -O3   conftest.c  >&5
configure:6404: $? = 0
configure:6404: result: yes
configure:6415: checking for sysctl
configure:6415: gcc -o conftest -O3   conftest.c  >&5
configure:6415: $? = 0
configure:6415: result: yes
configure:6426: checking for sysconf
configure:6426: gcc -o conftest -O3   conftest.c  >&5
configure:6426: $? = 0
configure:6426: result: yes
configure:6437: checking for getcwd
configure:6437: gcc -o conftest -O3   conftest.c  >&5
configure:6437: $? = 0
configure:6437: result: yes
configure:6448: checking for chmod
configure:6448: gcc -o conftest -O3   conftest.c  >&5
configure:6448: $? = 0
configure:6448: result: yes
configure:6459: checking for stat
configure:6459: gcc -o conftest -O3   conftest.c  >&5
configure:6459: $? = 0
configure:6459: result: yes
configure:6470: checking for fstat
configure:6470: gcc -o conftest -O3   conftest.c  >&5
configure:6470: $? = 0
configure:6470: result: yes
configure:6481: checking for erfc
configure:6481: gcc -o conftest -O3   conftest.c  >&5
conftest.c:80:6: warning: incompatible redeclaration of library function 'erfc' [-Wincompatible-library-redeclaration]
char erfc ();
     ^
conftest.c:80:6: note: 'erfc' is a builtin with type 'double (double)'
1 warning generated.
configure:6481: $? = 0
configure:6481: result: yes
configure:6491: checking for library containing ntohs
configure:6522: gcc -o conftest -O3   conftest.c  >&5
configure:6522: $? = 0
configure:6539: result: none required
configure:6547: checking for library containing ntohl
configure:6578: gcc -o conftest -O3   conftest.c  >&5
configure:6578: $? = 0
configure:6595: result: none required
configure:6603: checking for library containing htons
configure:6634: gcc -o conftest -O3   conftest.c  >&5
configure:6634: $? = 0
configure:6651: result: none required
configure:6659: checking for library containing htonl
configure:6690: gcc -o conftest -O3   conftest.c  >&5
configure:6690: $? = 0
configure:6707: result: none required
configure:6715: checking for library containing socket
configure:6746: gcc -o conftest -O3   conftest.c  >&5
configure:6746: $? = 0
configure:6763: result: none required
configure:6771: checking for library containing inet_pton
configure:6802: gcc -o conftest -O3   conftest.c  >&5
configure:6802: $? = 0
configure:6819: result: none required
configure:6828: checking for _LARGEFILE_SOURCE value needed for large files
configure:6847: gcc -o conftest -O3   conftest.c  >&5
configure:6847: $? = 0
configure:6875: result: no
configure:6908: checking for special C compiler options needed for large files
configure:6953: result: no
configure:6959: checking for _FILE_OFFSET_BITS value needed for large files
configure:6984: gcc -c -O3  conftest.c >&5
configure:6984: $? = 0
configure:7016: result: no
configure:7281: creating ./config.status

## ---------------------- ##
## Running config.status. ##
## ---------------------- ##

This file was extended by HMMER config.status 3.1rc1, which was
generated by GNU Autoconf 2.69.  Invocation command line was

  CONFIG_FILES    = 
  CONFIG_HEADERS  = 
  CONFIG_LINKS    = 
  CONFIG_COMMANDS = 
  $ ./config.status 

on Traviss-MacBook-Pro.local

config.status:905: creating Makefile
config.status:905: creating src/Makefile
config.status:905: creating testsuite/Makefile
config.status:905: creating profmark/Makefile
config.status:905: creating src/impl_sse/Makefile
config.status:905: creating documentation/Makefile
config.status:905: creating documentation/man/Makefile
config.status:905: creating documentation/userguide/Makefile
config.status:905: creating release-notes/LICENSE.sh
config.status:905: creating easel/Makefile
config.status:905: creating easel/miniapps/Makefile
config.status:905: creating easel/testsuite/Makefile
config.status:905: creating easel/documentation/Makefile
config.status:905: creating libdivsufsort/Makefile
config.status:905: creating easel/decoy_config.h
config.status:1080: easel/decoy_config.h is unchanged
config.status:905: creating src/p7_config.h
config.status:1080: src/p7_config.h is unchanged
config.status:905: creating easel/esl_config.h
config.status:1080: easel/esl_config.h is unchanged
config.status:905: creating libdivsufsort/divsufsort.h
config.status:1080: libdivsufsort/divsufsort.h is unchanged
config.status:1106: linking src/impl_sse to src/impl

## ---------------- ##
## Cache variables. ##
## ---------------- ##

ac_cv_build=x86_64-apple-darwin17.4.0
ac_cv_c_bigendian=no
ac_cv_c_compiler_gnu=yes
ac_cv_c_uint16_t=yes
ac_cv_c_uint32_t=yes
ac_cv_c_uint64_t=yes
ac_cv_c_uint8_t=yes
ac_cv_env_CC_set=
ac_cv_env_CC_value=
ac_cv_env_CFLAGS_set=
ac_cv_env_CFLAGS_value=
ac_cv_env_CPPFLAGS_set=
ac_cv_env_CPPFLAGS_value=
ac_cv_env_CPP_set=
ac_cv_env_CPP_value=
ac_cv_env_LDFLAGS_set=
ac_cv_env_LDFLAGS_value=
ac_cv_env_LIBS_set=
ac_cv_env_LIBS_value=
ac_cv_env_MPICC_set=
ac_cv_env_MPICC_value=
ac_cv_env_build_alias_set=
ac_cv_env_build_alias_value=
ac_cv_env_host_alias_set=
ac_cv_env_host_alias_value=
ac_cv_env_target_alias_set=
ac_cv_env_target_alias_value=
ac_cv_func_chmod=yes
ac_cv_func_erfc=yes
ac_cv_func_fstat=yes
ac_cv_func_getcwd=yes
ac_cv_func_getpid=yes
ac_cv_func_mkstemp=yes
ac_cv_func_popen=yes
ac_cv_func_putenv=yes
ac_cv_func_stat=yes
ac_cv_func_strcasecmp=yes
ac_cv_func_strsep=yes
ac_cv_func_sysconf=yes
ac_cv_func_sysctl=yes
ac_cv_func_times=yes
ac_cv_header_endian_h=no
ac_cv_header_inttypes_h=yes
ac_cv_header_memory_h=yes
ac_cv_header_netinet_in_h=yes
ac_cv_header_stdc=yes
ac_cv_header_stdint_h=yes
ac_cv_header_stdlib_h=yes
ac_cv_header_string_h=yes
ac_cv_header_strings_h=yes
ac_cv_header_sys_param_h=yes
ac_cv_header_sys_stat_h=yes
ac_cv_header_sys_sysctl_h=yes
ac_cv_header_sys_types_h=yes
ac_cv_header_unistd_h=yes
ac_cv_host=x86_64-apple-darwin17.4.0
ac_cv_objext=o
ac_cv_path_AR=/usr/bin/ar
ac_cv_path_EGREP='/usr/bin/grep -E'
ac_cv_path_GREP=/usr/bin/grep
ac_cv_path_HAVE_GZIP=/usr/bin/gzip
ac_cv_path_SED=/usr/bin/sed
ac_cv_path_install='/usr/bin/install -c'
ac_cv_prog_CPP='gcc -E'
ac_cv_prog_ac_ct_CC=gcc
ac_cv_prog_ac_ct_RANLIB=ranlib
ac_cv_prog_cc_c89=
ac_cv_prog_cc_c99=
ac_cv_prog_cc_g=yes
ac_cv_prog_cc_stdc=
ac_cv_search_clock_gettime='none required'
ac_cv_search_htonl='none required'
ac_cv_search_htons='none required'
ac_cv_search_inet_pton='none required'
ac_cv_search_ntohl='none required'
ac_cv_search_ntohs='none required'
ac_cv_search_socket='none required'
ac_cv_sys_file_offset_bits=no
ac_cv_sys_largefile_CC=no
ac_cv_sys_largefile_source=no
ac_cv_type_off_t=yes
ax_cv_PTHREAD_CLANG=yes
ax_cv_PTHREAD_CLANG_NO_WARN_FLAG=no
ax_cv_PTHREAD_JOINABLE_ATTR=PTHREAD_CREATE_JOINABLE
ax_cv_PTHREAD_PRIO_INHERIT=yes
ax_cv_PTHREAD_SPECIAL_FLAGS=no
ax_cv_c_compiler_vendor=clang
ax_cv_have_func_attribute_format=yes
ax_cv_have_func_attribute_noreturn=yes

## ----------------- ##
## Output variables. ##
## ----------------- ##

AR='/usr/bin/ar'
AVX512_CFLAGS=''
AVX_CFLAGS=''
CC='gcc'
CFLAGS='-O3'
CPP='gcc -E'
CPPFLAGS=''
DEFS='-DHAVE_CONFIG_H'
EASEL_COPYRIGHT='Copyright (C) 2017 Howard Hughes Medical Institute.'
EASEL_DATE='January 2017'
EASEL_LICENSE='Freely distributed under the BSD open source license.'
EASEL_URL='http://bioeasel.org/'
EASEL_VERSION='0.44'
ECHO_C='\c'
ECHO_N=''
ECHO_T=''
EGREP='/usr/bin/grep -E'
EXEEXT=''
GREP='/usr/bin/grep'
GROUPHMMERLIBS='-lhmmer -lhmmerimpl'
HAVE_GZIP='/usr/bin/gzip'
HMMERIMPLLIB='impl_sse/libhmmerimpl.a'
HMMER_COPYRIGHT='Copyright (C) 2017 Howard Hughes Medical Institute.'
HMMER_DATE='January 2017'
HMMER_ESLDIR='easel'
HMMER_LICENSE='Freely distributed under the BSD open source license.'
HMMER_SADIR='libdivsufsort'
HMMER_URL='http://hmmer.org/'
HMMER_VERSION='3.1rc1'
IMPL_CHOICE='sse'
INSTALL_DATA='${INSTALL} -m 644'
INSTALL_PROGRAM='${INSTALL}'
INSTALL_SCRIPT='${INSTALL}'
LDFLAGS=''
LIBGSL=''
LIBOBJS=''
LIBS=''
LN_S='ln -s'
LTLIBOBJS=''
MPICC=''
MPILIBS=''
MPI_BENCHMARKS=''
MPI_UTESTS=''
NEON_CFLAGS=''
OBJEXT='o'
PACKAGE_BUGREPORT='sean@eddylab.org'
PACKAGE_NAME='HMMER'
PACKAGE_STRING='HMMER 3.1rc1'
PACKAGE_TARNAME='hmmer'
PACKAGE_URL=''
PACKAGE_VERSION='3.1rc1'
PATH_SEPARATOR=':'
PTHREAD_CC='gcc'
PTHREAD_CFLAGS='-pthread'
PTHREAD_LIBS=''
RANLIB='ranlib'
SED='/usr/bin/sed'
SHELL='/bin/sh'
SSE_CFLAGS=''
VMX_CFLAGS=''
ac_ct_CC='gcc'
ax_pthread_config=''
bindir='${exec_prefix}/bin'
build='x86_64-apple-darwin17.4.0'
build_alias=''
build_cpu='x86_64'
build_os='darwin17.4.0'
build_vendor='apple'
datadir='${datarootdir}'
datarootdir='${prefix}/share'
docdir='${datarootdir}/doc/${PACKAGE_TARNAME}'
dvidir='${docdir}'
exec_prefix='${prefix}'
host='x86_64-apple-darwin17.4.0'
host_alias=''
host_cpu='x86_64'
host_os='darwin17.4.0'
host_vendor='apple'
htmldir='${docdir}'
includedir='${prefix}/include'
infodir='${datarootdir}/info'
libdir='${exec_prefix}/lib'
libexecdir='${exec_prefix}/libexec'
localedir='${datarootdir}/locale'
localstatedir='${prefix}/var'
mandir='${datarootdir}/man'
oldincludedir='/usr/include'
pdfdir='${docdir}'
prefix='/usr/local'
program_transform_name='s,x,x,'
psdir='${docdir}'
sbindir='${exec_prefix}/sbin'
sharedstatedir='${prefix}/com'
sysconfdir='${prefix}/etc'
target_alias=''

## ----------- ##
## confdefs.h. ##
## ----------- ##

/* confdefs.h */
#define PACKAGE_NAME "HMMER"
#define PACKAGE_TARNAME "hmmer"
#define PACKAGE_VERSION "3.1rc1"
#define PACKAGE_STRING "HMMER 3.1rc1"
#define PACKAGE_BUGREPORT "sean@eddylab.org"
#define PACKAGE_URL ""
#define HMMER_DATE "January 2017"
#define HMMER_COPYRIGHT "Copyright (C) 2017 Howard Hughes Medical Institute."
#define HMMER_LICENSE "Freely distributed under the BSD open source license."
#define HMMER_VERSION "3.1rc1"
#define HMMER_URL "http://hmmer.org/"
#define EASEL_DATE "January 2017"
#define EASEL_COPYRIGHT "Copyright (C) 2017 Howard Hughes Medical Institute."
#define EASEL_LICENSE "Freely distributed under the BSD open source license."
#define EASEL_VERSION "0.44"
#define eslDEBUGLEVEL 0
#define HAVE_PTHREAD_PRIO_INHERIT 1
#define HAVE_PTHREAD 1
#define HMMER_THREADS 1
#define eslENABLE_SSE 1
#define HAVE_FLUSH_ZERO_MODE 1
#define HAVE_GZIP 1
#define STDC_HEADERS 1
#define HAVE_SYS_TYPES_H 1
#define HAVE_SYS_STAT_H 1
#define HAVE_STDLIB_H 1
#define HAVE_STRING_H 1
#define HAVE_MEMORY_H 1
#define HAVE_STRINGS_H 1
#define HAVE_INTTYPES_H 1
#define HAVE_STDINT_H 1
#define HAVE_UNISTD_H 1
#define HAVE_INTTYPES_H 1
#define HAVE_STDINT_H 1
#define HAVE_UNISTD_H 1
#define HAVE_SYS_TYPES_H 1
#define HAVE_NETINET_IN_H 1
#define HAVE_SYS_PARAM_H 1
#define HAVE_SYS_SYSCTL_H 1
#define HAVE_FUNC_ATTRIBUTE_NORETURN 1
#define HAVE_FUNC_ATTRIBUTE_FORMAT 1
#define HAVE_MKSTEMP 1
#define HAVE_POPEN 1
#define HAVE_PUTENV 1
#define HAVE_STRCASECMP 1
#define HAVE_STRSEP 1
#define HAVE_TIMES 1
#define HAVE_GETPID 1
#define HAVE_SYSCTL 1
#define HAVE_SYSCONF 1
#define HAVE_GETCWD 1
#define HAVE_CHMOD 1
#define HAVE_STAT 1
#define HAVE_FSTAT 1
#define HAVE_ERFC 1
#define HAVE_FSEEKO 1

configure: exit 0
